<?xml version="1.0" encoding="UTF-8"?>
<!-- Generated by org.testng.reporters.JUnitReportReporter -->
<testsuite hostname="HP-CORE-i7" failures="0" tests="1" name="com.testng.practice.CrossBrowserTestNG" time="5.488" errors="0" timestamp="2023-11-12T18:53:36 EST" skipped="0">
  <testcase classname="com.testng.practice.CrossBrowserTestNG" name="crossBrowserCostco" time="5.488"/>
  <system-out/>
</testsuite> <!-- com.testng.practice.CrossBrowserTestNG -->
