<?xml version="1.0" encoding="UTF-8"?>
<!-- Generated by org.testng.reporters.JUnitReportReporter -->
<testsuite hostname="HP-CORE-i7" failures="0" tests="6" name="com.testng.practice.PracticeTestngMethods" time="0.014" errors="0" timestamp="2023-11-12T18:49:30 EST" skipped="0">
  <testcase classname="com.testng.practice.PracticeTestngMethods" name="login" time="0.002"/>
  <system-out/>
  <testcase classname="com.testng.practice.PracticeTestngMethods" name="login" time="0.001"/>
  <system-out/>
  <testcase classname="com.testng.practice.PracticeTestngMethods" name="login" time="0.000"/>
  <system-out/>
  <testcase classname="com.testng.practice.PracticeTestngMethods" name="login" time="0.001"/>
  <system-out/>
  <testcase classname="com.testng.practice.PracticeTestngMethods" name="login" time="0.009"/>
  <system-out/>
  <testcase classname="com.testng.practice.PracticeTestngMethods" name="cart" time="0.001"/>
  <system-out/>
</testsuite> <!-- com.testng.practice.PracticeTestngMethods -->
